<?xml version="1.0" encoding="utf-8"?>
<CoverageSession xmlns:xsd="http://www.w3.org/2001/XMLSchema" xmlns:xsi="http://www.w3.org/2001/XMLSchema-instance" Version="4.7.922.0">
  <Summary numSequencePoints="199" visitedSequencePoints="126" numBranchPoints="59" visitedBranchPoints="29" sequenceCoverage="63.32" branchCoverage="49.15" maxCyclomaticComplexity="12" minCyclomaticComplexity="1" maxCrapScore="156" minCrapScore="1" visitedClasses="2" numClasses="3" visitedMethods="19" numMethods="21" />
  <Modules>
    <Module hash="10-92-62-25-EB-3D-16-52-FC-24-B6-ED-18-61-26-0A-E4-32-7F-DD">
      <Summary numSequencePoints="93" visitedSequencePoints="93" numBranchPoints="12" visitedBranchPoints="12" sequenceCoverage="100" branchCoverage="100" maxCyclomaticComplexity="1" minCyclomaticComplexity="1" maxCrapScore="2" minCrapScore="1" visitedClasses="1" numClasses="1" visitedMethods="12" numMethods="12" />
      <ModulePath>C:\Users\Дарья\Documents\lvl 3-1\TiOPO\lw3\lw3_tests\bin\Debug\fine-code-coverage\build-output\lw3_tests.dll</ModulePath>
      <ModuleTime>2022-12-07T16:08:29.5330358Z</ModuleTime>
      <ModuleName>lw3_tests</ModuleName>
      <Files>
        <File uid="1" fullPath="C:\Users\Дарья\Documents\lvl 3-1\TiOPO\lw3\lw3_tests\UnitTest1.cs" />
      </Files>
      <Classes>
        <Class>
          <Summary numSequencePoints="93" visitedSequencePoints="93" numBranchPoints="12" visitedBranchPoints="12" sequenceCoverage="100" branchCoverage="100" maxCyclomaticComplexity="1" minCyclomaticComplexity="1" maxCrapScore="2" minCrapScore="1" visitedClasses="1" numClasses="1" visitedMethods="12" numMethods="12" />
          <FullName>lw3_tests.UnitTest1</FullName>
          <Methods>
            <Method visited="true" cyclomaticComplexity="1" nPathComplexity="0" sequenceCoverage="100" branchCoverage="100" crapScore="1" isConstructor="false" isStatic="false" isGetter="false" isSetter="false">
              <Summary numSequencePoints="6" visitedSequencePoints="6" numBranchPoints="1" visitedBranchPoints="1" sequenceCoverage="100" branchCoverage="100" maxCyclomaticComplexity="1" minCyclomaticComplexity="1" maxCrapScore="1" minCrapScore="1" visitedClasses="0" numClasses="0" visitedMethods="1" numMethods="1" />
              <MetadataToken>100663297</MetadataToken>
              <Name>System.Void lw3_tests.UnitTest1::CreateNewTv_WithTurnedOn_TurnStatusIsTrueChannelIsOne()</Name>
              <FileRef uid="1" />
              <SequencePoints>
                <SequencePoint vc="1" uspid="1" ordinal="0" offset="0" sl="11" sc="9" el="11" ec="10" bec="0" bev="0" fileid="1" />
                <SequencePoint vc="1" uspid="2" ordinal="1" offset="1" sl="12" sc="13" el="12" ec="38" bec="0" bev="0" fileid="1" />
                <SequencePoint vc="1" uspid="3" ordinal="2" offset="7" sl="14" sc="13" el="14" ec="25" bec="0" bev="0" fileid="1" />
                <SequencePoint vc="1" uspid="4" ordinal="3" offset="14" sl="16" sc="13" el="16" ec="47" bec="0" bev="0" fileid="1" />
                <SequencePoint vc="1" uspid="5" ordinal="4" offset="26" sl="17" sc="13" el="17" ec="49" bec="0" bev="0" fileid="1" />
                <SequencePoint vc="1" uspid="6" ordinal="5" offset="39" sl="18" sc="9" el="18" ec="10" bec="0" bev="0" fileid="1" />
              </SequencePoints>
              <BranchPoints />
              <MethodPoint xsi:type="SequencePoint" vc="1" uspid="1" ordinal="0" offset="0" sl="11" sc="9" el="11" ec="10" bec="0" bev="0" fileid="1" />
            </Method>
            <Method visited="true" cyclomaticComplexity="1" nPathComplexity="0" sequenceCoverage="100" branchCoverage="100" crapScore="1" isConstructor="false" isStatic="false" isGetter="false" isSetter="false">
              <Summary numSequencePoints="7" visitedSequencePoints="7" numBranchPoints="1" visitedBranchPoints="1" sequenceCoverage="100" branchCoverage="100" maxCyclomaticComplexity="1" minCyclomaticComplexity="1" maxCrapScore="1" minCrapScore="1" visitedClasses="0" numClasses="0" visitedMethods="1" numMethods="1" />
              <MetadataToken>100663298</MetadataToken>
              <Name>System.Void lw3_tests.UnitTest1::CreateNewTv_WithTurnedOnAndTurnedOff_TurnStatusIsFalseChannelIsZero()</Name>
              <FileRef uid="1" />
              <SequencePoints>
                <SequencePoint vc="1" uspid="7" ordinal="0" offset="0" sl="22" sc="9" el="22" ec="10" bec="0" bev="0" fileid="1" />
                <SequencePoint vc="1" uspid="8" ordinal="1" offset="1" sl="23" sc="13" el="23" ec="38" bec="0" bev="0" fileid="1" />
                <SequencePoint vc="1" uspid="9" ordinal="2" offset="7" sl="25" sc="13" el="25" ec="25" bec="0" bev="0" fileid="1" />
                <SequencePoint vc="1" uspid="10" ordinal="3" offset="14" sl="26" sc="13" el="26" ec="26" bec="0" bev="0" fileid="1" />
                <SequencePoint vc="1" uspid="11" ordinal="4" offset="21" sl="28" sc="13" el="28" ec="48" bec="0" bev="0" fileid="1" />
                <SequencePoint vc="1" uspid="12" ordinal="5" offset="33" sl="29" sc="13" el="29" ec="49" bec="0" bev="0" fileid="1" />
                <SequencePoint vc="1" uspid="13" ordinal="6" offset="46" sl="30" sc="9" el="30" ec="10" bec="0" bev="0" fileid="1" />
              </SequencePoints>
              <BranchPoints />
              <MethodPoint xsi:type="SequencePoint" vc="1" uspid="7" ordinal="0" offset="0" sl="22" sc="9" el="22" ec="10" bec="0" bev="0" fileid="1" />
            </Method>
            <Method visited="true" cyclomaticComplexity="1" nPathComplexity="0" sequenceCoverage="100" branchCoverage="100" crapScore="1" isConstructor="false" isStatic="false" isGetter="false" isSetter="false">
              <Summary numSequencePoints="6" visitedSequencePoints="6" numBranchPoints="1" visitedBranchPoints="1" sequenceCoverage="100" branchCoverage="100" maxCyclomaticComplexity="1" minCyclomaticComplexity="1" maxCrapScore="1" minCrapScore="1" visitedClasses="0" numClasses="0" visitedMethods="1" numMethods="1" />
              <MetadataToken>100663299</MetadataToken>
              <Name>System.Void lw3_tests.UnitTest1::SelectChannel_WithOffTv_ChannelIsZero()</Name>
              <FileRef uid="1" />
              <SequencePoints>
                <SequencePoint vc="1" uspid="14" ordinal="0" offset="0" sl="34" sc="9" el="34" ec="10" bec="0" bev="0" fileid="1" />
                <SequencePoint vc="1" uspid="15" ordinal="1" offset="1" sl="35" sc="13" el="35" ec="38" bec="0" bev="0" fileid="1" />
                <SequencePoint vc="1" uspid="16" ordinal="2" offset="7" sl="36" sc="13" el="36" ec="29" bec="0" bev="0" fileid="1" />
                <SequencePoint vc="1" uspid="17" ordinal="3" offset="9" sl="38" sc="13" el="38" ec="39" bec="0" bev="0" fileid="1" />
                <SequencePoint vc="1" uspid="18" ordinal="4" offset="17" sl="40" sc="13" el="40" ec="49" bec="0" bev="0" fileid="1" />
                <SequencePoint vc="1" uspid="19" ordinal="5" offset="30" sl="41" sc="9" el="41" ec="10" bec="0" bev="0" fileid="1" />
              </SequencePoints>
              <BranchPoints />
              <MethodPoint xsi:type="SequencePoint" vc="1" uspid="14" ordinal="0" offset="0" sl="34" sc="9" el="34" ec="10" bec="0" bev="0" fileid="1" />
            </Method>
            <Method visited="true" cyclomaticComplexity="1" nPathComplexity="0" sequenceCoverage="100" branchCoverage="100" crapScore="1" isConstructor="false" isStatic="false" isGetter="false" isSetter="false">
              <Summary numSequencePoints="7" visitedSequencePoints="7" numBranchPoints="1" visitedBranchPoints="1" sequenceCoverage="100" branchCoverage="100" maxCyclomaticComplexity="1" minCyclomaticComplexity="1" maxCrapScore="1" minCrapScore="1" visitedClasses="0" numClasses="0" visitedMethods="1" numMethods="1" />
              <MetadataToken>100663300</MetadataToken>
              <Name>System.Void lw3_tests.UnitTest1::SelectChannel_OutOfRange_ChannelIsOne()</Name>
              <FileRef uid="1" />
              <SequencePoints>
                <SequencePoint vc="1" uspid="20" ordinal="0" offset="0" sl="45" sc="9" el="45" ec="10" bec="0" bev="0" fileid="1" />
                <SequencePoint vc="1" uspid="21" ordinal="1" offset="1" sl="46" sc="13" el="46" ec="38" bec="0" bev="0" fileid="1" />
                <SequencePoint vc="1" uspid="22" ordinal="2" offset="7" sl="47" sc="13" el="47" ec="39" bec="0" bev="0" fileid="1" />
                <SequencePoint vc="1" uspid="23" ordinal="3" offset="9" sl="49" sc="13" el="49" ec="25" bec="0" bev="0" fileid="1" />
                <SequencePoint vc="1" uspid="24" ordinal="4" offset="16" sl="50" sc="13" el="50" ec="49" bec="0" bev="0" fileid="1" />
                <SequencePoint vc="1" uspid="25" ordinal="5" offset="24" sl="52" sc="13" el="52" ec="49" bec="0" bev="0" fileid="1" />
                <SequencePoint vc="1" uspid="26" ordinal="6" offset="37" sl="53" sc="9" el="53" ec="10" bec="0" bev="0" fileid="1" />
              </SequencePoints>
              <BranchPoints />
              <MethodPoint xsi:type="SequencePoint" vc="1" uspid="20" ordinal="0" offset="0" sl="45" sc="9" el="45" ec="10" bec="0" bev="0" fileid="1" />
            </Method>
            <Method visited="true" cyclomaticComplexity="1" nPathComplexity="0" sequenceCoverage="100" branchCoverage="100" crapScore="1" isConstructor="false" isStatic="false" isGetter="false" isSetter="false">
              <Summary numSequencePoints="8" visitedSequencePoints="8" numBranchPoints="1" visitedBranchPoints="1" sequenceCoverage="100" branchCoverage="100" maxCyclomaticComplexity="1" minCyclomaticComplexity="1" maxCrapScore="1" minCrapScore="1" visitedClasses="0" numClasses="0" visitedMethods="1" numMethods="1" />
              <MetadataToken>100663301</MetadataToken>
              <Name>System.Void lw3_tests.UnitTest1::SelectChannel_InRange_ChannelIsSelectedValue()</Name>
              <FileRef uid="1" />
              <SequencePoints>
                <SequencePoint vc="1" uspid="27" ordinal="0" offset="0" sl="57" sc="9" el="57" ec="10" bec="0" bev="0" fileid="1" />
                <SequencePoint vc="1" uspid="28" ordinal="1" offset="1" sl="58" sc="13" el="58" ec="38" bec="0" bev="0" fileid="1" />
                <SequencePoint vc="1" uspid="29" ordinal="2" offset="7" sl="59" sc="13" el="59" ec="37" bec="0" bev="0" fileid="1" />
                <SequencePoint vc="1" uspid="30" ordinal="3" offset="10" sl="60" sc="13" el="60" ec="38" bec="0" bev="0" fileid="1" />
                <SequencePoint vc="1" uspid="31" ordinal="4" offset="13" sl="62" sc="13" el="62" ec="25" bec="0" bev="0" fileid="1" />
                <SequencePoint vc="1" uspid="32" ordinal="5" offset="20" sl="63" sc="13" el="63" ec="46" bec="0" bev="0" fileid="1" />
                <SequencePoint vc="1" uspid="33" ordinal="6" offset="28" sl="65" sc="13" el="65" ec="63" bec="0" bev="0" fileid="1" />
                <SequencePoint vc="1" uspid="34" ordinal="7" offset="41" sl="66" sc="9" el="66" ec="10" bec="0" bev="0" fileid="1" />
              </SequencePoints>
              <BranchPoints />
              <MethodPoint xsi:type="SequencePoint" vc="1" uspid="27" ordinal="0" offset="0" sl="57" sc="9" el="57" ec="10" bec="0" bev="0" fileid="1" />
            </Method>
            <Method visited="true" cyclomaticComplexity="1" nPathComplexity="0" sequenceCoverage="100" branchCoverage="100" crapScore="1" isConstructor="false" isStatic="false" isGetter="false" isSetter="false">
              <Summary numSequencePoints="8" visitedSequencePoints="8" numBranchPoints="1" visitedBranchPoints="1" sequenceCoverage="100" branchCoverage="100" maxCyclomaticComplexity="1" minCyclomaticComplexity="1" maxCrapScore="1" minCrapScore="1" visitedClasses="0" numClasses="0" visitedMethods="1" numMethods="1" />
              <MetadataToken>100663302</MetadataToken>
              <Name>System.Void lw3_tests.UnitTest1::SelectChannel_BorderValue_ChannelIsBorderValue()</Name>
              <FileRef uid="1" />
              <SequencePoints>
                <SequencePoint vc="1" uspid="35" ordinal="0" offset="0" sl="70" sc="9" el="70" ec="10" bec="0" bev="0" fileid="1" />
                <SequencePoint vc="1" uspid="36" ordinal="1" offset="1" sl="71" sc="13" el="71" ec="38" bec="0" bev="0" fileid="1" />
                <SequencePoint vc="1" uspid="37" ordinal="2" offset="7" sl="72" sc="13" el="72" ec="40" bec="0" bev="0" fileid="1" />
                <SequencePoint vc="1" uspid="38" ordinal="3" offset="9" sl="73" sc="13" el="73" ec="37" bec="0" bev="0" fileid="1" />
                <SequencePoint vc="1" uspid="39" ordinal="4" offset="11" sl="75" sc="13" el="75" ec="25" bec="0" bev="0" fileid="1" />
                <SequencePoint vc="1" uspid="40" ordinal="5" offset="18" sl="76" sc="13" el="76" ec="50" bec="0" bev="0" fileid="1" />
                <SequencePoint vc="1" uspid="41" ordinal="6" offset="26" sl="78" sc="13" el="78" ec="63" bec="0" bev="0" fileid="1" />
                <SequencePoint vc="1" uspid="42" ordinal="7" offset="39" sl="79" sc="9" el="79" ec="10" bec="0" bev="0" fileid="1" />
              </SequencePoints>
              <BranchPoints />
              <MethodPoint xsi:type="SequencePoint" vc="1" uspid="35" ordinal="0" offset="0" sl="70" sc="9" el="70" ec="10" bec="0" bev="0" fileid="1" />
            </Method>
            <Method visited="true" cyclomaticComplexity="1" nPathComplexity="0" sequenceCoverage="100" branchCoverage="100" crapScore="1" isConstructor="false" isStatic="false" isGetter="false" isSetter="false">
              <Summary numSequencePoints="10" visitedSequencePoints="10" numBranchPoints="1" visitedBranchPoints="1" sequenceCoverage="100" branchCoverage="100" maxCyclomaticComplexity="1" minCyclomaticComplexity="1" maxCrapScore="1" minCrapScore="1" visitedClasses="0" numClasses="0" visitedMethods="1" numMethods="1" />
              <MetadataToken>100663303</MetadataToken>
              <Name>System.Void lw3_tests.UnitTest1::SelectChannel_SaveSelectedChannelAfterOnAgain_ChannelIsSelectedChannelBeforeOff()</Name>
              <FileRef uid="1" />
              <SequencePoints>
                <SequencePoint vc="1" uspid="43" ordinal="0" offset="0" sl="83" sc="9" el="83" ec="10" bec="0" bev="0" fileid="1" />
                <SequencePoint vc="1" uspid="44" ordinal="1" offset="1" sl="84" sc="13" el="84" ec="38" bec="0" bev="0" fileid="1" />
                <SequencePoint vc="1" uspid="45" ordinal="2" offset="7" sl="85" sc="13" el="85" ec="29" bec="0" bev="0" fileid="1" />
                <SequencePoint vc="1" uspid="46" ordinal="3" offset="9" sl="86" sc="13" el="86" ec="37" bec="0" bev="0" fileid="1" />
                <SequencePoint vc="1" uspid="47" ordinal="4" offset="11" sl="88" sc="13" el="88" ec="25" bec="0" bev="0" fileid="1" />
                <SequencePoint vc="1" uspid="48" ordinal="5" offset="18" sl="89" sc="13" el="89" ec="39" bec="0" bev="0" fileid="1" />
                <SequencePoint vc="1" uspid="49" ordinal="6" offset="26" sl="90" sc="13" el="90" ec="26" bec="0" bev="0" fileid="1" />
                <SequencePoint vc="1" uspid="50" ordinal="7" offset="33" sl="91" sc="13" el="91" ec="25" bec="0" bev="0" fileid="1" />
                <SequencePoint vc="1" uspid="51" ordinal="8" offset="40" sl="93" sc="13" el="93" ec="63" bec="0" bev="0" fileid="1" />
                <SequencePoint vc="1" uspid="52" ordinal="9" offset="53" sl="94" sc="9" el="94" ec="10" bec="0" bev="0" fileid="1" />
              </SequencePoints>
              <BranchPoints />
              <MethodPoint xsi:type="SequencePoint" vc="1" uspid="43" ordinal="0" offset="0" sl="83" sc="9" el="83" ec="10" bec="0" bev="0" fileid="1" />
            </Method>
            <Method visited="true" cyclomaticComplexity="1" nPathComplexity="0" sequenceCoverage="100" branchCoverage="100" crapScore="1" isConstructor="false" isStatic="false" isGetter="false" isSetter="false">
              <Summary numSequencePoints="5" visitedSequencePoints="5" numBranchPoints="1" visitedBranchPoints="1" sequenceCoverage="100" branchCoverage="100" maxCyclomaticComplexity="1" minCyclomaticComplexity="1" maxCrapScore="1" minCrapScore="1" visitedClasses="0" numClasses="0" visitedMethods="1" numMethods="1" />
              <MetadataToken>100663304</MetadataToken>
              <Name>System.Void lw3_tests.UnitTest1::SelectPreviousChannel_WithOffTv_ChannelIsZero()</Name>
              <FileRef uid="1" />
              <SequencePoints>
                <SequencePoint vc="1" uspid="53" ordinal="0" offset="0" sl="98" sc="9" el="98" ec="10" bec="0" bev="0" fileid="1" />
                <SequencePoint vc="1" uspid="54" ordinal="1" offset="1" sl="99" sc="13" el="99" ec="38" bec="0" bev="0" fileid="1" />
                <SequencePoint vc="1" uspid="55" ordinal="2" offset="7" sl="101" sc="13" el="101" ec="40" bec="0" bev="0" fileid="1" />
                <SequencePoint vc="1" uspid="56" ordinal="3" offset="14" sl="103" sc="13" el="103" ec="49" bec="0" bev="0" fileid="1" />
                <SequencePoint vc="1" uspid="57" ordinal="4" offset="27" sl="104" sc="9" el="104" ec="10" bec="0" bev="0" fileid="1" />
              </SequencePoints>
              <BranchPoints />
              <MethodPoint xsi:type="SequencePoint" vc="1" uspid="53" ordinal="0" offset="0" sl="98" sc="9" el="98" ec="10" bec="0" bev="0" fileid="1" />
            </Method>
            <Method visited="true" cyclomaticComplexity="1" nPathComplexity="0" sequenceCoverage="100" branchCoverage="100" crapScore="1" isConstructor="false" isStatic="false" isGetter="false" isSetter="false">
              <Summary numSequencePoints="6" visitedSequencePoints="6" numBranchPoints="1" visitedBranchPoints="1" sequenceCoverage="100" branchCoverage="100" maxCyclomaticComplexity="1" minCyclomaticComplexity="1" maxCrapScore="1" minCrapScore="1" visitedClasses="0" numClasses="0" visitedMethods="1" numMethods="1" />
              <MetadataToken>100663305</MetadataToken>
              <Name>System.Void lw3_tests.UnitTest1::SelectPreviousChannel_WithoutSelectedChannel_ChannelIsOne()</Name>
              <FileRef uid="1" />
              <SequencePoints>
                <SequencePoint vc="1" uspid="58" ordinal="0" offset="0" sl="108" sc="9" el="108" ec="10" bec="0" bev="0" fileid="1" />
                <SequencePoint vc="1" uspid="59" ordinal="1" offset="1" sl="109" sc="13" el="109" ec="38" bec="0" bev="0" fileid="1" />
                <SequencePoint vc="1" uspid="60" ordinal="2" offset="7" sl="111" sc="13" el="111" ec="25" bec="0" bev="0" fileid="1" />
                <SequencePoint vc="1" uspid="61" ordinal="3" offset="14" sl="112" sc="13" el="112" ec="40" bec="0" bev="0" fileid="1" />
                <SequencePoint vc="1" uspid="62" ordinal="4" offset="21" sl="114" sc="13" el="114" ec="49" bec="0" bev="0" fileid="1" />
                <SequencePoint vc="1" uspid="63" ordinal="5" offset="34" sl="115" sc="9" el="115" ec="10" bec="0" bev="0" fileid="1" />
              </SequencePoints>
              <BranchPoints />
              <MethodPoint xsi:type="SequencePoint" vc="1" uspid="58" ordinal="0" offset="0" sl="108" sc="9" el="108" ec="10" bec="0" bev="0" fileid="1" />
            </Method>
            <Method visited="true" cyclomaticComplexity="1" nPathComplexity="0" sequenceCoverage="100" branchCoverage="100" crapScore="1" isConstructor="false" isStatic="false" isGetter="false" isSetter="false">
              <Summary numSequencePoints="8" visitedSequencePoints="8" numBranchPoints="1" visitedBranchPoints="1" sequenceCoverage="100" branchCoverage="100" maxCyclomaticComplexity="1" minCyclomaticComplexity="1" maxCrapScore="1" minCrapScore="1" visitedClasses="0" numClasses="0" visitedMethods="1" numMethods="1" />
              <MetadataToken>100663306</MetadataToken>
              <Name>System.Void lw3_tests.UnitTest1::SelectPreviousChannel_WithSelectedChannelOnce_ChannelIsOne()</Name>
              <FileRef uid="1" />
              <SequencePoints>
                <SequencePoint vc="1" uspid="64" ordinal="0" offset="0" sl="119" sc="9" el="119" ec="10" bec="0" bev="0" fileid="1" />
                <SequencePoint vc="1" uspid="65" ordinal="1" offset="1" sl="120" sc="13" el="120" ec="38" bec="0" bev="0" fileid="1" />
                <SequencePoint vc="1" uspid="66" ordinal="2" offset="7" sl="121" sc="13" el="121" ec="29" bec="0" bev="0" fileid="1" />
                <SequencePoint vc="1" uspid="67" ordinal="3" offset="9" sl="123" sc="13" el="123" ec="25" bec="0" bev="0" fileid="1" />
                <SequencePoint vc="1" uspid="68" ordinal="4" offset="16" sl="124" sc="13" el="124" ec="39" bec="0" bev="0" fileid="1" />
                <SequencePoint vc="1" uspid="69" ordinal="5" offset="24" sl="125" sc="13" el="125" ec="40" bec="0" bev="0" fileid="1" />
                <SequencePoint vc="1" uspid="70" ordinal="6" offset="31" sl="127" sc="13" el="127" ec="49" bec="0" bev="0" fileid="1" />
                <SequencePoint vc="1" uspid="71" ordinal="7" offset="44" sl="128" sc="9" el="128" ec="10" bec="0" bev="0" fileid="1" />
              </SequencePoints>
              <BranchPoints />
              <MethodPoint xsi:type="SequencePoint" vc="1" uspid="64" ordinal="0" offset="0" sl="119" sc="9" el="119" ec="10" bec="0" bev="0" fileid="1" />
            </Method>
            <Method visited="true" cyclomaticComplexity="1" nPathComplexity="0" sequenceCoverage="100" branchCoverage="100" crapScore="1" isConstructor="false" isStatic="false" isGetter="false" isSetter="false">
              <Summary numSequencePoints="10" visitedSequencePoints="10" numBranchPoints="1" visitedBranchPoints="1" sequenceCoverage="100" branchCoverage="100" maxCyclomaticComplexity="1" minCyclomaticComplexity="1" maxCrapScore="1" minCrapScore="1" visitedClasses="0" numClasses="0" visitedMethods="1" numMethods="1" />
              <MetadataToken>100663307</MetadataToken>
              <Name>System.Void lw3_tests.UnitTest1::SelectPreviousChannel_WithSeveralSelectedChannels_ChannelIsPrevious()</Name>
              <FileRef uid="1" />
              <SequencePoints>
                <SequencePoint vc="1" uspid="72" ordinal="0" offset="0" sl="132" sc="9" el="132" ec="10" bec="0" bev="0" fileid="1" />
                <SequencePoint vc="1" uspid="73" ordinal="1" offset="1" sl="133" sc="13" el="133" ec="38" bec="0" bev="0" fileid="1" />
                <SequencePoint vc="1" uspid="74" ordinal="2" offset="7" sl="134" sc="13" el="134" ec="30" bec="0" bev="0" fileid="1" />
                <SequencePoint vc="1" uspid="75" ordinal="3" offset="9" sl="135" sc="13" el="135" ec="31" bec="0" bev="0" fileid="1" />
                <SequencePoint vc="1" uspid="76" ordinal="4" offset="12" sl="137" sc="13" el="137" ec="25" bec="0" bev="0" fileid="1" />
                <SequencePoint vc="1" uspid="77" ordinal="5" offset="19" sl="138" sc="13" el="138" ec="40" bec="0" bev="0" fileid="1" />
                <SequencePoint vc="1" uspid="78" ordinal="6" offset="27" sl="139" sc="13" el="139" ec="40" bec="0" bev="0" fileid="1" />
                <SequencePoint vc="1" uspid="79" ordinal="7" offset="35" sl="140" sc="13" el="140" ec="40" bec="0" bev="0" fileid="1" />
                <SequencePoint vc="1" uspid="80" ordinal="8" offset="42" sl="142" sc="13" el="142" ec="56" bec="0" bev="0" fileid="1" />
                <SequencePoint vc="1" uspid="81" ordinal="9" offset="55" sl="143" sc="9" el="143" ec="10" bec="0" bev="0" fileid="1" />
              </SequencePoints>
              <BranchPoints />
              <MethodPoint xsi:type="SequencePoint" vc="1" uspid="72" ordinal="0" offset="0" sl="132" sc="9" el="132" ec="10" bec="0" bev="0" fileid="1" />
            </Method>
            <Method visited="true" cyclomaticComplexity="1" nPathComplexity="0" sequenceCoverage="100" branchCoverage="100" crapScore="1" isConstructor="false" isStatic="false" isGetter="false" isSetter="false">
              <Summary numSequencePoints="12" visitedSequencePoints="12" numBranchPoints="1" visitedBranchPoints="1" sequenceCoverage="100" branchCoverage="100" maxCyclomaticComplexity="1" minCyclomaticComplexity="1" maxCrapScore="1" minCrapScore="1" visitedClasses="0" numClasses="0" visitedMethods="1" numMethods="1" />
              <MetadataToken>100663308</MetadataToken>
              <Name>System.Void lw3_tests.UnitTest1::SelectPreviousChannel_SavePreviousChannelAfterOnAgain_ChannelIsPreviousBeforeOff()</Name>
              <FileRef uid="1" />
              <SequencePoints>
                <SequencePoint vc="1" uspid="82" ordinal="0" offset="0" sl="147" sc="9" el="147" ec="10" bec="0" bev="0" fileid="1" />
                <SequencePoint vc="1" uspid="83" ordinal="1" offset="1" sl="148" sc="13" el="148" ec="38" bec="0" bev="0" fileid="1" />
                <SequencePoint vc="1" uspid="84" ordinal="2" offset="7" sl="149" sc="13" el="149" ec="30" bec="0" bev="0" fileid="1" />
                <SequencePoint vc="1" uspid="85" ordinal="3" offset="9" sl="150" sc="13" el="150" ec="31" bec="0" bev="0" fileid="1" />
                <SequencePoint vc="1" uspid="86" ordinal="4" offset="12" sl="152" sc="13" el="152" ec="25" bec="0" bev="0" fileid="1" />
                <SequencePoint vc="1" uspid="87" ordinal="5" offset="19" sl="153" sc="13" el="153" ec="40" bec="0" bev="0" fileid="1" />
                <SequencePoint vc="1" uspid="88" ordinal="6" offset="27" sl="154" sc="13" el="154" ec="40" bec="0" bev="0" fileid="1" />
                <SequencePoint vc="1" uspid="89" ordinal="7" offset="35" sl="155" sc="13" el="155" ec="26" bec="0" bev="0" fileid="1" />
                <SequencePoint vc="1" uspid="90" ordinal="8" offset="42" sl="156" sc="13" el="156" ec="25" bec="0" bev="0" fileid="1" />
                <SequencePoint vc="1" uspid="91" ordinal="9" offset="49" sl="157" sc="13" el="157" ec="40" bec="0" bev="0" fileid="1" />
                <SequencePoint vc="1" uspid="92" ordinal="10" offset="56" sl="159" sc="13" el="159" ec="56" bec="0" bev="0" fileid="1" />
                <SequencePoint vc="1" uspid="93" ordinal="11" offset="69" sl="160" sc="9" el="160" ec="10" bec="0" bev="0" fileid="1" />
              </SequencePoints>
              <BranchPoints />
              <MethodPoint xsi:type="SequencePoint" vc="1" uspid="82" ordinal="0" offset="0" sl="147" sc="9" el="147" ec="10" bec="0" bev="0" fileid="1" />
            </Method>
            <Method visited="false" cyclomaticComplexity="1" nPathComplexity="0" sequenceCoverage="0" branchCoverage="0" crapScore="2" isConstructor="true" isStatic="false" isGetter="false" isSetter="false">
              <Summary numSequencePoints="0" visitedSequencePoints="0" numBranchPoints="0" visitedBranchPoints="0" sequenceCoverage="0" branchCoverage="0" maxCyclomaticComplexity="1" minCyclomaticComplexity="1" maxCrapScore="2" minCrapScore="2" visitedClasses="0" numClasses="0" visitedMethods="0" numMethods="0" />
              <MetadataToken>100663309</MetadataToken>
              <Name>System.Void lw3_tests.UnitTest1::.ctor()</Name>
              <SequencePoints />
              <BranchPoints />
              <MethodPoint vc="0" uspid="94" ordinal="0" offset="0" />
            </Method>
          </Methods>
        </Class>
      </Classes>
    </Module>
    <Module hash="56-E0-39-DA-19-FB-E7-D9-64-BC-D4-81-27-99-7C-FA-F2-5A-39-9B">
      <Summary numSequencePoints="106" visitedSequencePoints="33" numBranchPoints="47" visitedBranchPoints="17" sequenceCoverage="31.13" branchCoverage="36.17" maxCyclomaticComplexity="12" minCyclomaticComplexity="1" maxCrapScore="156" minCrapScore="1" visitedClasses="1" numClasses="2" visitedMethods="7" numMethods="9" />
      <ModulePath>C:\Users\Дарья\Documents\lvl 3-1\TiOPO\lw3\lw3_tests\bin\Debug\fine-code-coverage\build-output\3lw.exe</ModulePath>
      <ModuleTime>2022-12-07T15:29:12.1184038Z</ModuleTime>
      <ModuleName>3lw</ModuleName>
      <Files>
        <File uid="3" fullPath="C:\Users\Дарья\Documents\lvl 3-1\TiOPO\lw3\3lw\Program.cs" />
      </Files>
      <Classes>
        <Class>
          <Summary numSequencePoints="33" visitedSequencePoints="33" numBranchPoints="17" visitedBranchPoints="17" sequenceCoverage="100" branchCoverage="100" maxCyclomaticComplexity="5" minCyclomaticComplexity="1" maxCrapScore="5" minCrapScore="1" visitedClasses="1" numClasses="1" visitedMethods="7" numMethods="7" />
          <FullName>lw3.CTVSet</FullName>
          <Methods>
            <Method visited="true" cyclomaticComplexity="1" nPathComplexity="0" sequenceCoverage="100" branchCoverage="100" crapScore="1" isConstructor="false" isStatic="false" isGetter="false" isSetter="false">
              <Summary numSequencePoints="3" visitedSequencePoints="3" numBranchPoints="1" visitedBranchPoints="1" sequenceCoverage="100" branchCoverage="100" maxCyclomaticComplexity="1" minCyclomaticComplexity="1" maxCrapScore="1" minCrapScore="1" visitedClasses="0" numClasses="0" visitedMethods="1" numMethods="1" />
              <MetadataToken>100663297</MetadataToken>
              <Name>System.Boolean lw3.CTVSet::GetTurnStatus()</Name>
              <FileRef uid="3" />
              <SequencePoints>
                <SequencePoint vc="2" uspid="95" ordinal="0" offset="0" sl="11" sc="3" el="11" ec="4" bec="0" bev="0" fileid="3" />
                <SequencePoint vc="2" uspid="96" ordinal="1" offset="1" sl="12" sc="4" el="12" ec="22" bec="0" bev="0" fileid="3" />
                <SequencePoint vc="2" uspid="97" ordinal="2" offset="10" sl="13" sc="3" el="13" ec="4" bec="0" bev="0" fileid="3" />
              </SequencePoints>
              <BranchPoints />
              <MethodPoint xsi:type="SequencePoint" vc="2" uspid="95" ordinal="0" offset="0" sl="11" sc="3" el="11" ec="4" bec="0" bev="0" fileid="3" />
            </Method>
            <Method visited="true" cyclomaticComplexity="1" nPathComplexity="0" sequenceCoverage="100" branchCoverage="100" crapScore="1" isConstructor="false" isStatic="false" isGetter="false" isSetter="false">
              <Summary numSequencePoints="3" visitedSequencePoints="3" numBranchPoints="1" visitedBranchPoints="1" sequenceCoverage="100" branchCoverage="100" maxCyclomaticComplexity="1" minCyclomaticComplexity="1" maxCrapScore="1" minCrapScore="1" visitedClasses="0" numClasses="0" visitedMethods="1" numMethods="1" />
              <MetadataToken>100663298</MetadataToken>
              <Name>System.Void lw3.CTVSet::TurnOn()</Name>
              <FileRef uid="3" />
              <SequencePoints>
                <SequencePoint vc="12" uspid="98" ordinal="0" offset="0" sl="15" sc="3" el="15" ec="4" bec="0" bev="0" fileid="3" />
                <SequencePoint vc="12" uspid="99" ordinal="1" offset="1" sl="16" sc="4" el="16" ec="22" bec="0" bev="0" fileid="3" />
                <SequencePoint vc="12" uspid="100" ordinal="2" offset="8" sl="17" sc="3" el="17" ec="4" bec="0" bev="0" fileid="3" />
              </SequencePoints>
              <BranchPoints />
              <MethodPoint xsi:type="SequencePoint" vc="12" uspid="98" ordinal="0" offset="0" sl="15" sc="3" el="15" ec="4" bec="0" bev="0" fileid="3" />
            </Method>
            <Method visited="true" cyclomaticComplexity="1" nPathComplexity="0" sequenceCoverage="100" branchCoverage="100" crapScore="1" isConstructor="false" isStatic="false" isGetter="false" isSetter="false">
              <Summary numSequencePoints="3" visitedSequencePoints="3" numBranchPoints="1" visitedBranchPoints="1" sequenceCoverage="100" branchCoverage="100" maxCyclomaticComplexity="1" minCyclomaticComplexity="1" maxCrapScore="1" minCrapScore="1" visitedClasses="0" numClasses="0" visitedMethods="1" numMethods="1" />
              <MetadataToken>100663299</MetadataToken>
              <Name>System.Void lw3.CTVSet::TurnOff()</Name>
              <FileRef uid="3" />
              <SequencePoints>
                <SequencePoint vc="3" uspid="101" ordinal="0" offset="0" sl="19" sc="3" el="19" ec="4" bec="0" bev="0" fileid="3" />
                <SequencePoint vc="3" uspid="102" ordinal="1" offset="1" sl="20" sc="4" el="20" ec="23" bec="0" bev="0" fileid="3" />
                <SequencePoint vc="3" uspid="103" ordinal="2" offset="8" sl="21" sc="3" el="21" ec="4" bec="0" bev="0" fileid="3" />
              </SequencePoints>
              <BranchPoints />
              <MethodPoint xsi:type="SequencePoint" vc="3" uspid="101" ordinal="0" offset="0" sl="19" sc="3" el="19" ec="4" bec="0" bev="0" fileid="3" />
            </Method>
            <Method visited="true" cyclomaticComplexity="5" nPathComplexity="8" sequenceCoverage="100" branchCoverage="100" crapScore="5" isConstructor="false" isStatic="false" isGetter="false" isSetter="false">
              <Summary numSequencePoints="7" visitedSequencePoints="7" numBranchPoints="7" visitedBranchPoints="7" sequenceCoverage="100" branchCoverage="100" maxCyclomaticComplexity="5" minCyclomaticComplexity="5" maxCrapScore="5" minCrapScore="5" visitedClasses="0" numClasses="0" visitedMethods="1" numMethods="1" />
              <MetadataToken>100663300</MetadataToken>
              <Name>System.Void lw3.CTVSet::SelectChannel(System.Int32)</Name>
              <FileRef uid="3" />
              <SequencePoints>
                <SequencePoint vc="10" uspid="104" ordinal="0" offset="0" sl="23" sc="3" el="23" ec="4" bec="0" bev="0" fileid="3" />
                <SequencePoint vc="10" uspid="105" ordinal="1" offset="1" sl="24" sc="4" el="24" ec="60" bec="5" bev="5" fileid="3" />
                <SequencePoint vc="8" uspid="106" ordinal="2" offset="23" sl="25" sc="4" el="25" ec="5" bec="0" bev="0" fileid="3" />
                <SequencePoint vc="8" uspid="107" ordinal="3" offset="24" sl="26" sc="5" el="26" ec="39" bec="0" bev="0" fileid="3" />
                <SequencePoint vc="8" uspid="108" ordinal="4" offset="36" sl="27" sc="5" el="27" ec="31" bec="0" bev="0" fileid="3" />
                <SequencePoint vc="8" uspid="109" ordinal="5" offset="43" sl="28" sc="4" el="28" ec="5" bec="0" bev="0" fileid="3" />
                <SequencePoint vc="10" uspid="110" ordinal="6" offset="44" sl="29" sc="3" el="29" ec="4" bec="0" bev="0" fileid="3" />
              </SequencePoints>
              <BranchPoints>
                <BranchPoint vc="9" uspid="111" ordinal="0" offset="3" sl="24" path="0" offsetend="5" fileid="3" />
                <BranchPoint vc="1" uspid="112" ordinal="1" offset="3" sl="24" path="1" offsetend="18" fileid="3" />
                <BranchPoint vc="9" uspid="113" ordinal="2" offset="8" sl="24" path="0" offsetend="10" fileid="3" />
                <BranchPoint vc="1" uspid="114" ordinal="3" offset="8" sl="24" path="1" offsetend="18" fileid="3" />
                <BranchPoint vc="8" uspid="115" ordinal="4" offset="21" sl="24" path="0" offsetend="23" fileid="3" />
                <BranchPoint vc="2" uspid="116" ordinal="5" offset="21" sl="24" path="1" offsetend="44" fileid="3" />
              </BranchPoints>
              <MethodPoint xsi:type="SequencePoint" vc="10" uspid="104" ordinal="0" offset="0" sl="23" sc="3" el="23" ec="4" bec="0" bev="0" fileid="3" />
            </Method>
            <Method visited="true" cyclomaticComplexity="2" nPathComplexity="2" sequenceCoverage="100" branchCoverage="100" crapScore="2" isConstructor="false" isStatic="false" isGetter="false" isSetter="false">
              <Summary numSequencePoints="8" visitedSequencePoints="8" numBranchPoints="3" visitedBranchPoints="3" sequenceCoverage="100" branchCoverage="100" maxCyclomaticComplexity="2" minCyclomaticComplexity="2" maxCrapScore="2" minCrapScore="2" visitedClasses="0" numClasses="0" visitedMethods="1" numMethods="1" />
              <MetadataToken>100663301</MetadataToken>
              <Name>System.Void lw3.CTVSet::SelectPreviousChannel()</Name>
              <FileRef uid="3" />
              <SequencePoints>
                <SequencePoint vc="5" uspid="117" ordinal="0" offset="0" sl="31" sc="3" el="31" ec="4" bec="0" bev="0" fileid="3" />
                <SequencePoint vc="5" uspid="118" ordinal="1" offset="1" sl="33" sc="4" el="33" ec="19" bec="2" bev="2" fileid="3" />
                <SequencePoint vc="4" uspid="119" ordinal="2" offset="11" sl="34" sc="4" el="34" ec="5" bec="0" bev="0" fileid="3" />
                <SequencePoint vc="4" uspid="120" ordinal="3" offset="12" sl="35" sc="5" el="35" ec="31" bec="0" bev="0" fileid="3" />
                <SequencePoint vc="4" uspid="121" ordinal="4" offset="19" sl="36" sc="5" el="36" ec="39" bec="0" bev="0" fileid="3" />
                <SequencePoint vc="4" uspid="122" ordinal="5" offset="31" sl="37" sc="5" el="37" ec="31" bec="0" bev="0" fileid="3" />
                <SequencePoint vc="4" uspid="123" ordinal="6" offset="38" sl="38" sc="4" el="38" ec="5" bec="0" bev="0" fileid="3" />
                <SequencePoint vc="5" uspid="124" ordinal="7" offset="39" sl="39" sc="3" el="39" ec="4" bec="0" bev="0" fileid="3" />
              </SequencePoints>
              <BranchPoints>
                <BranchPoint vc="4" uspid="125" ordinal="0" offset="9" sl="33" path="0" offsetend="11" fileid="3" />
                <BranchPoint vc="1" uspid="126" ordinal="1" offset="9" sl="33" path="1" offsetend="39" fileid="3" />
              </BranchPoints>
              <MethodPoint xsi:type="SequencePoint" vc="5" uspid="117" ordinal="0" offset="0" sl="31" sc="3" el="31" ec="4" bec="0" bev="0" fileid="3" />
            </Method>
            <Method visited="true" cyclomaticComplexity="2" nPathComplexity="2" sequenceCoverage="100" branchCoverage="100" crapScore="2" isConstructor="false" isStatic="false" isGetter="false" isSetter="false">
              <Summary numSequencePoints="6" visitedSequencePoints="6" numBranchPoints="3" visitedBranchPoints="3" sequenceCoverage="100" branchCoverage="100" maxCyclomaticComplexity="2" minCyclomaticComplexity="2" maxCrapScore="2" minCrapScore="2" visitedClasses="0" numClasses="0" visitedMethods="1" numMethods="1" />
              <MetadataToken>100663302</MetadataToken>
              <Name>System.Int32 lw3.CTVSet::GetChannel()</Name>
              <FileRef uid="3" />
              <SequencePoints>
                <SequencePoint vc="12" uspid="127" ordinal="0" offset="0" sl="41" sc="3" el="41" ec="4" bec="0" bev="0" fileid="3" />
                <SequencePoint vc="12" uspid="128" ordinal="1" offset="1" sl="42" sc="4" el="42" ec="20" bec="2" bev="2" fileid="3" />
                <SequencePoint vc="3" uspid="129" ordinal="2" offset="14" sl="43" sc="4" el="43" ec="5" bec="0" bev="0" fileid="3" />
                <SequencePoint vc="3" uspid="130" ordinal="3" offset="15" sl="44" sc="5" el="44" ec="14" bec="0" bev="0" fileid="3" />
                <SequencePoint vc="9" uspid="131" ordinal="4" offset="19" sl="46" sc="4" el="46" ec="27" bec="0" bev="0" fileid="3" />
                <SequencePoint vc="12" uspid="132" ordinal="5" offset="28" sl="47" sc="3" el="47" ec="4" bec="0" bev="0" fileid="3" />
              </SequencePoints>
              <BranchPoints>
                <BranchPoint vc="3" uspid="133" ordinal="0" offset="12" sl="42" path="0" offsetend="14" fileid="3" />
                <BranchPoint vc="9" uspid="134" ordinal="1" offset="12" sl="42" path="1" offsetend="19" fileid="3" />
              </BranchPoints>
              <MethodPoint xsi:type="SequencePoint" vc="12" uspid="127" ordinal="0" offset="0" sl="41" sc="3" el="41" ec="4" bec="0" bev="0" fileid="3" />
            </Method>
            <Method visited="true" cyclomaticComplexity="1" nPathComplexity="0" sequenceCoverage="100" branchCoverage="100" crapScore="1" isConstructor="true" isStatic="false" isGetter="false" isSetter="false">
              <Summary numSequencePoints="3" visitedSequencePoints="3" numBranchPoints="1" visitedBranchPoints="1" sequenceCoverage="100" branchCoverage="100" maxCyclomaticComplexity="1" minCyclomaticComplexity="1" maxCrapScore="1" minCrapScore="1" visitedClasses="0" numClasses="0" visitedMethods="1" numMethods="1" />
              <MetadataToken>100663303</MetadataToken>
              <Name>System.Void lw3.CTVSet::.ctor()</Name>
              <FileRef uid="3" />
              <SequencePoints>
                <SequencePoint vc="12" uspid="135" ordinal="0" offset="0" sl="7" sc="3" el="7" ec="35" bec="0" bev="0" fileid="3" />
                <SequencePoint vc="12" uspid="136" ordinal="1" offset="7" sl="8" sc="3" el="8" ec="35" bec="0" bev="0" fileid="3" />
                <SequencePoint vc="12" uspid="137" ordinal="2" offset="14" sl="9" sc="3" el="9" ec="35" bec="0" bev="0" fileid="3" />
              </SequencePoints>
              <BranchPoints />
              <MethodPoint xsi:type="SequencePoint" vc="12" uspid="135" ordinal="0" offset="0" sl="7" sc="3" el="7" ec="35" bec="0" bev="0" fileid="3" />
            </Method>
          </Methods>
        </Class>
        <Class>
          <Summary numSequencePoints="73" visitedSequencePoints="0" numBranchPoints="30" visitedBranchPoints="0" sequenceCoverage="0" branchCoverage="0" maxCyclomaticComplexity="12" minCyclomaticComplexity="1" maxCrapScore="156" minCrapScore="2" visitedClasses="0" numClasses="1" visitedMethods="0" numMethods="2" />
          <FullName>lw3.Program</FullName>
          <Methods>
            <Method visited="false" cyclomaticComplexity="12" nPathComplexity="2048" sequenceCoverage="0" branchCoverage="0" crapScore="156" isConstructor="false" isStatic="true" isGetter="false" isSetter="false">
              <Summary numSequencePoints="59" visitedSequencePoints="0" numBranchPoints="23" visitedBranchPoints="0" sequenceCoverage="0" branchCoverage="0" maxCyclomaticComplexity="12" minCyclomaticComplexity="12" maxCrapScore="156" minCrapScore="156" visitedClasses="0" numClasses="0" visitedMethods="0" numMethods="1" />
              <MetadataToken>100663304</MetadataToken>
              <Name>System.Void lw3.Program::Main(System.String[])</Name>
              <FileRef uid="3" />
              <SequencePoints>
                <SequencePoint vc="0" uspid="138" ordinal="0" offset="0" sl="53" sc="3" el="53" ec="4" bec="0" bev="0" fileid="3" />
                <SequencePoint vc="0" uspid="139" ordinal="1" offset="1" sl="54" sc="4" el="54" ec="29" bec="0" bev="0" fileid="3" />
                <SequencePoint vc="0" uspid="140" ordinal="2" offset="7" sl="55" sc="4" el="55" ec="27" bec="0" bev="0" fileid="3" />
                <SequencePoint vc="0" uspid="141" ordinal="3" offset="18" sl="57" sc="4" el="57" ec="5" bec="0" bev="0" fileid="3" />
                <SequencePoint vc="0" uspid="142" ordinal="4" offset="19" sl="58" sc="5" el="58" ec="34" bec="0" bev="0" fileid="3" />
                <SequencePoint vc="0" uspid="143" ordinal="5" offset="25" sl="59" sc="5" el="59" ec="29" bec="2" bev="0" fileid="3" />
                <SequencePoint vc="0" uspid="144" ordinal="6" offset="40" sl="60" sc="5" el="60" ec="6" bec="0" bev="0" fileid="3" />
                <SequencePoint vc="0" uspid="145" ordinal="7" offset="41" sl="61" sc="6" el="61" ec="18" bec="0" bev="0" fileid="3" />
                <SequencePoint vc="0" uspid="146" ordinal="8" offset="48" sl="62" sc="6" el="62" ec="36" bec="0" bev="0" fileid="3" />
                <SequencePoint vc="0" uspid="147" ordinal="9" offset="59" sl="63" sc="5" el="63" ec="6" bec="0" bev="0" fileid="3" />
                <SequencePoint vc="0" uspid="148" ordinal="10" offset="65" sl="64" sc="10" el="64" ec="35" bec="2" bev="0" fileid="3" />
                <SequencePoint vc="0" uspid="149" ordinal="11" offset="80" sl="65" sc="5" el="65" ec="6" bec="0" bev="0" fileid="3" />
                <SequencePoint vc="0" uspid="150" ordinal="12" offset="81" sl="66" sc="6" el="66" ec="19" bec="0" bev="0" fileid="3" />
                <SequencePoint vc="0" uspid="151" ordinal="13" offset="88" sl="67" sc="6" el="67" ec="37" bec="0" bev="0" fileid="3" />
                <SequencePoint vc="0" uspid="152" ordinal="14" offset="99" sl="68" sc="5" el="68" ec="6" bec="0" bev="0" fileid="3" />
                <SequencePoint vc="0" uspid="153" ordinal="15" offset="105" sl="69" sc="10" el="69" ec="32" bec="2" bev="0" fileid="3" />
                <SequencePoint vc="0" uspid="154" ordinal="16" offset="122" sl="70" sc="5" el="70" ec="6" bec="0" bev="0" fileid="3" />
                <SequencePoint vc="0" uspid="155" ordinal="17" offset="123" sl="71" sc="6" el="71" ec="29" bec="2" bev="0" fileid="3" />
                <SequencePoint vc="0" uspid="156" ordinal="18" offset="135" sl="72" sc="6" el="72" ec="7" bec="0" bev="0" fileid="3" />
                <SequencePoint vc="0" uspid="157" ordinal="19" offset="136" sl="73" sc="7" el="73" ec="77" bec="0" bev="0" fileid="3" />
                <SequencePoint vc="0" uspid="158" ordinal="20" offset="158" sl="74" sc="6" el="74" ec="7" bec="0" bev="0" fileid="3" />
                <SequencePoint vc="0" uspid="159" ordinal="21" offset="161" sl="76" sc="6" el="76" ec="7" bec="0" bev="0" fileid="3" />
                <SequencePoint vc="0" uspid="160" ordinal="22" offset="162" sl="77" sc="7" el="77" ec="38" bec="0" bev="0" fileid="3" />
                <SequencePoint vc="0" uspid="161" ordinal="23" offset="173" sl="78" sc="6" el="78" ec="7" bec="0" bev="0" fileid="3" />
                <SequencePoint vc="0" uspid="162" ordinal="24" offset="174" sl="79" sc="5" el="79" ec="6" bec="0" bev="0" fileid="3" />
                <SequencePoint vc="0" uspid="163" ordinal="25" offset="180" sl="80" sc="10" el="80" ec="49" bec="2" bev="0" fileid="3" />
                <SequencePoint vc="0" uspid="164" ordinal="26" offset="197" sl="81" sc="5" el="81" ec="6" bec="0" bev="0" fileid="3" />
                <SequencePoint vc="0" uspid="165" ordinal="27" offset="198" sl="82" sc="6" el="82" ec="33" bec="0" bev="0" fileid="3" />
                <SequencePoint vc="0" uspid="166" ordinal="28" offset="205" sl="83" sc="6" el="83" ec="29" bec="2" bev="0" fileid="3" />
                <SequencePoint vc="0" uspid="167" ordinal="29" offset="217" sl="84" sc="6" el="84" ec="7" bec="0" bev="0" fileid="3" />
                <SequencePoint vc="0" uspid="168" ordinal="30" offset="218" sl="85" sc="7" el="85" ec="67" bec="0" bev="0" fileid="3" />
                <SequencePoint vc="0" uspid="169" ordinal="31" offset="240" sl="86" sc="7" el="86" ec="14" bec="0" bev="0" fileid="3" />
                <SequencePoint vc="0" uspid="170" ordinal="32" offset="245" sl="88" sc="6" el="88" ec="37" bec="0" bev="0" fileid="3" />
                <SequencePoint vc="0" uspid="171" ordinal="33" offset="256" sl="89" sc="5" el="89" ec="6" bec="0" bev="0" fileid="3" />
                <SequencePoint vc="0" uspid="172" ordinal="34" offset="262" sl="90" sc="10" el="90" ec="48" bec="2" bev="0" fileid="3" />
                <SequencePoint vc="0" uspid="173" ordinal="35" offset="279" sl="91" sc="5" el="91" ec="6" bec="0" bev="0" fileid="3" />
                <SequencePoint vc="0" uspid="174" ordinal="36" offset="280" sl="92" sc="6" el="92" ec="41" bec="0" bev="0" fileid="3" />
                <SequencePoint vc="0" uspid="175" ordinal="37" offset="288" sl="93" sc="6" el="93" ec="24" bec="2" bev="0" fileid="3" />
                <SequencePoint vc="0" uspid="176" ordinal="38" offset="299" sl="94" sc="6" el="94" ec="7" bec="0" bev="0" fileid="3" />
                <SequencePoint vc="0" uspid="177" ordinal="39" offset="300" sl="95" sc="7" el="95" ec="71" bec="0" bev="0" fileid="3" />
                <SequencePoint vc="0" uspid="178" ordinal="40" offset="311" sl="96" sc="7" el="96" ec="16" bec="0" bev="0" fileid="3" />
                <SequencePoint vc="0" uspid="179" ordinal="41" offset="313" sl="98" sc="6" el="98" ec="32" bec="0" bev="0" fileid="3" />
                <SequencePoint vc="0" uspid="180" ordinal="42" offset="322" sl="99" sc="6" el="99" ec="29" bec="2" bev="0" fileid="3" />
                <SequencePoint vc="0" uspid="181" ordinal="43" offset="334" sl="100" sc="6" el="100" ec="7" bec="0" bev="0" fileid="3" />
                <SequencePoint vc="0" uspid="182" ordinal="44" offset="335" sl="101" sc="7" el="101" ec="67" bec="0" bev="0" fileid="3" />
                <SequencePoint vc="0" uspid="183" ordinal="45" offset="357" sl="102" sc="6" el="102" ec="7" bec="0" bev="0" fileid="3" />
                <SequencePoint vc="0" uspid="184" ordinal="46" offset="360" sl="104" sc="6" el="104" ec="7" bec="0" bev="0" fileid="3" />
                <SequencePoint vc="0" uspid="185" ordinal="47" offset="361" sl="105" sc="7" el="105" ec="38" bec="0" bev="0" fileid="3" />
                <SequencePoint vc="0" uspid="186" ordinal="48" offset="372" sl="106" sc="6" el="106" ec="7" bec="0" bev="0" fileid="3" />
                <SequencePoint vc="0" uspid="187" ordinal="49" offset="373" sl="107" sc="5" el="107" ec="6" bec="0" bev="0" fileid="3" />
                <SequencePoint vc="0" uspid="188" ordinal="50" offset="376" sl="108" sc="10" el="108" ec="28" bec="2" bev="0" fileid="3" />
                <SequencePoint vc="0" uspid="189" ordinal="51" offset="393" sl="109" sc="5" el="109" ec="6" bec="0" bev="0" fileid="3" />
                <SequencePoint vc="0" uspid="190" ordinal="52" offset="394" sl="110" sc="6" el="110" ec="13" bec="0" bev="0" fileid="3" />
                <SequencePoint vc="0" uspid="191" ordinal="53" offset="396" sl="113" sc="5" el="113" ec="6" bec="0" bev="0" fileid="3" />
                <SequencePoint vc="0" uspid="192" ordinal="54" offset="397" sl="114" sc="6" el="114" ec="53" bec="0" bev="0" fileid="3" />
                <SequencePoint vc="0" uspid="193" ordinal="55" offset="408" sl="115" sc="5" el="115" ec="6" bec="0" bev="0" fileid="3" />
                <SequencePoint vc="0" uspid="194" ordinal="56" offset="409" sl="116" sc="4" el="116" ec="5" bec="0" bev="0" fileid="3" />
                <SequencePoint vc="0" uspid="195" ordinal="57" offset="410" sl="56" sc="4" el="56" ec="42" bec="2" bev="0" fileid="3" />
                <SequencePoint vc="0" uspid="196" ordinal="58" offset="428" sl="117" sc="3" el="117" ec="4" bec="0" bev="0" fileid="3" />
              </SequencePoints>
              <BranchPoints>
                <BranchPoint vc="0" uspid="197" ordinal="0" offset="38" sl="59" path="0" offsetend="40" fileid="3" />
                <BranchPoint vc="0" uspid="198" ordinal="1" offset="38" sl="59" path="1" offsetend="65" fileid="3" />
                <BranchPoint vc="0" uspid="199" ordinal="2" offset="78" sl="64" path="0" offsetend="80" fileid="3" />
                <BranchPoint vc="0" uspid="200" ordinal="3" offset="78" sl="64" path="1" offsetend="105" fileid="3" />
                <BranchPoint vc="0" uspid="201" ordinal="4" offset="120" sl="69" path="0" offsetend="122" fileid="3" />
                <BranchPoint vc="0" uspid="202" ordinal="5" offset="120" sl="69" path="1" offsetend="180" fileid="3" />
                <BranchPoint vc="0" uspid="203" ordinal="6" offset="133" sl="71" path="0" offsetend="135" fileid="3" />
                <BranchPoint vc="0" uspid="204" ordinal="7" offset="133" sl="71" path="1" offsetend="161" fileid="3" />
                <BranchPoint vc="0" uspid="205" ordinal="8" offset="195" sl="80" path="0" offsetend="197" fileid="3" />
                <BranchPoint vc="0" uspid="206" ordinal="9" offset="195" sl="80" path="1" offsetend="262" fileid="3" />
                <BranchPoint vc="0" uspid="207" ordinal="10" offset="215" sl="83" path="0" offsetend="217" fileid="3" />
                <BranchPoint vc="0" uspid="208" ordinal="11" offset="215" sl="83" path="1" offsetend="245" fileid="3" />
                <BranchPoint vc="0" uspid="209" ordinal="12" offset="277" sl="90" path="0" offsetend="279" fileid="3" />
                <BranchPoint vc="0" uspid="210" ordinal="13" offset="277" sl="90" path="1" offsetend="376" fileid="3" />
                <BranchPoint vc="0" uspid="211" ordinal="14" offset="297" sl="93" path="0" offsetend="299" fileid="3" />
                <BranchPoint vc="0" uspid="212" ordinal="15" offset="297" sl="93" path="1" offsetend="313" fileid="3" />
                <BranchPoint vc="0" uspid="213" ordinal="16" offset="332" sl="99" path="0" offsetend="334" fileid="3" />
                <BranchPoint vc="0" uspid="214" ordinal="17" offset="332" sl="99" path="1" offsetend="360" fileid="3" />
                <BranchPoint vc="0" uspid="215" ordinal="18" offset="391" sl="108" path="0" offsetend="393" fileid="3" />
                <BranchPoint vc="0" uspid="216" ordinal="19" offset="391" sl="108" path="1" offsetend="396" fileid="3" />
                <BranchPoint vc="0" uspid="217" ordinal="20" offset="423" sl="56" path="0" offsetend="428" fileid="3" />
                <BranchPoint vc="0" uspid="218" ordinal="21" offset="423" sl="56" path="1" offsetend="18" fileid="3" />
              </BranchPoints>
              <MethodPoint xsi:type="SequencePoint" vc="0" uspid="138" ordinal="0" offset="0" sl="53" sc="3" el="53" ec="4" bec="0" bev="0" fileid="3" />
            </Method>
            <Method visited="false" cyclomaticComplexity="4" nPathComplexity="8" sequenceCoverage="0" branchCoverage="0" crapScore="20" isConstructor="false" isStatic="true" isGetter="false" isSetter="false">
              <Summary numSequencePoints="14" visitedSequencePoints="0" numBranchPoints="7" visitedBranchPoints="0" sequenceCoverage="0" branchCoverage="0" maxCyclomaticComplexity="4" minCyclomaticComplexity="4" maxCrapScore="20" minCrapScore="20" visitedClasses="0" numClasses="0" visitedMethods="0" numMethods="1" />
              <MetadataToken>100663305</MetadataToken>
              <Name>System.Int32 lw3.Program::IntToString(System.String)</Name>
              <FileRef uid="3" />
              <SequencePoints>
                <SequencePoint vc="0" uspid="219" ordinal="0" offset="0" sl="119" sc="3" el="119" ec="4" bec="0" bev="0" fileid="3" />
                <SequencePoint vc="0" uspid="220" ordinal="1" offset="1" sl="120" sc="4" el="120" ec="20" bec="0" bev="0" fileid="3" />
                <SequencePoint vc="0" uspid="221" ordinal="2" offset="3" sl="121" sc="4" el="121" ec="33" bec="0" bev="0" fileid="3" />
                <SequencePoint vc="0" uspid="222" ordinal="3" offset="9" sl="122" sc="9" el="122" ec="37" bec="0" bev="0" fileid="3" />
                <SequencePoint vc="0" uspid="223" ordinal="4" offset="25" sl="123" sc="4" el="123" ec="5" bec="0" bev="0" fileid="3" />
                <SequencePoint vc="0" uspid="224" ordinal="5" offset="26" sl="124" sc="5" el="124" ec="42" bec="4" bev="0" fileid="3" />
                <SequencePoint vc="0" uspid="225" ordinal="6" offset="55" sl="125" sc="5" el="125" ec="6" bec="0" bev="0" fileid="3" />
                <SequencePoint vc="0" uspid="226" ordinal="7" offset="56" sl="126" sc="6" el="126" ec="16" bec="0" bev="0" fileid="3" />
                <SequencePoint vc="0" uspid="227" ordinal="8" offset="61" sl="128" sc="5" el="128" ec="53" bec="0" bev="0" fileid="3" />
                <SequencePoint vc="0" uspid="228" ordinal="9" offset="80" sl="129" sc="4" el="129" ec="5" bec="0" bev="0" fileid="3" />
                <SequencePoint vc="0" uspid="229" ordinal="10" offset="81" sl="122" sc="55" el="122" ec="58" bec="0" bev="0" fileid="3" />
                <SequencePoint vc="0" uspid="230" ordinal="11" offset="85" sl="122" sc="39" el="122" ec="53" bec="2" bev="0" fileid="3" />
                <SequencePoint vc="0" uspid="231" ordinal="12" offset="100" sl="130" sc="4" el="130" ec="19" bec="0" bev="0" fileid="3" />
                <SequencePoint vc="0" uspid="232" ordinal="13" offset="105" sl="131" sc="3" el="131" ec="4" bec="0" bev="0" fileid="3" />
              </SequencePoints>
              <BranchPoints>
                <BranchPoint vc="0" uspid="233" ordinal="0" offset="35" sl="124" path="0" offsetend="37" fileid="3" />
                <BranchPoint vc="0" uspid="234" ordinal="1" offset="35" sl="124" path="1" offsetend="50" fileid="3" />
                <BranchPoint vc="0" uspid="235" ordinal="2" offset="53" sl="124" path="0" offsetend="55" fileid="3" />
                <BranchPoint vc="0" uspid="236" ordinal="3" offset="53" sl="124" path="1" offsetend="61" fileid="3" />
                <BranchPoint vc="0" uspid="237" ordinal="4" offset="98" sl="122" path="0" offsetend="100" fileid="3" />
                <BranchPoint vc="0" uspid="238" ordinal="5" offset="98" sl="122" path="1" offsetend="25" fileid="3" />
              </BranchPoints>
              <MethodPoint xsi:type="SequencePoint" vc="0" uspid="219" ordinal="0" offset="0" sl="119" sc="3" el="119" ec="4" bec="0" bev="0" fileid="3" />
            </Method>
            <Method visited="false" cyclomaticComplexity="1" nPathComplexity="0" sequenceCoverage="0" branchCoverage="0" crapScore="2" isConstructor="true" isStatic="false" isGetter="false" isSetter="false">
              <Summary numSequencePoints="0" visitedSequencePoints="0" numBranchPoints="0" visitedBranchPoints="0" sequenceCoverage="0" branchCoverage="0" maxCyclomaticComplexity="1" minCyclomaticComplexity="1" maxCrapScore="2" minCrapScore="2" visitedClasses="0" numClasses="0" visitedMethods="0" numMethods="0" />
              <MetadataToken>100663306</MetadataToken>
              <Name>System.Void lw3.Program::.ctor()</Name>
              <SequencePoints />
              <BranchPoints />
              <MethodPoint vc="0" uspid="239" ordinal="0" offset="0" />
            </Method>
          </Methods>
        </Class>
      </Classes>
    </Module>
  </Modules>
</CoverageSession>